PHP Fatal error:  Class 'GuzzleHttp\Client' not found in /var/www/vhosts/tiendadigital.co.uk/portal.tiendadigital.co.uk/vendor/laravel/framework/src/Illuminate/Mail/TransportManager.php on line 163

                                                           
  [Symfony\Component\Debug\Exception\FatalErrorException]  
  Class 'GuzzleHttp\Client' not found                      
                                                           

PHP Fatal error:  Class 'GuzzleHttp\Client' not found in /var/www/vhosts/tiendadigital.co.uk/portal.tiendadigital.co.uk/vendor/laravel/framework/src/Illuminate/Mail/TransportManager.php on line 163

                                                           
  [Symfony\Component\Debug\Exception\FatalErrorException]  
  Class 'GuzzleHttp\Client' not found                      
                                                           

PHP Fatal error:  Class 'GuzzleHttp\Client' not found in /var/www/vhosts/tiendadigital.co.uk/portal.tiendadigital.co.uk/vendor/laravel/framework/src/Illuminate/Mail/TransportManager.php on line 163

                                                           
  [Symfony\Component\Debug\Exception\FatalErrorException]  
  Class 'GuzzleHttp\Client' not found                      
                                                           

[2018-08-30 15:12:58] Failed: App\Jobs\NotifyNoteAdded
[2019-02-01 15:21:01] Processed: App\Jobs\NotifyNoteAdded
[2019-02-01 15:21:01] Processed: App\Jobs\NotifyNoteAdded
[2019-02-01 15:21:01] Processed: App\Jobs\NotifyNoteAdded
[2019-02-01 15:21:01] Processed: App\Jobs\NotifyNoteAdded
[2019-02-01 15:21:01] Processed: App\Jobs\NotifyNoteAdded
[2019-02-01 15:21:01] Processed: App\Jobs\NotifyNoteAdded
[2019-02-01 15:21:01] Processed: App\Jobs\NotifyChangeEvent
[2019-02-01 15:21:17] Processed: App\Jobs\NotifyChangeEvent
[2019-02-01 15:23:15] Processed: App\Jobs\NotifyChangeEvent
[2019-02-01 15:23:21] Processed: App\Jobs\NotifyChangeEvent
[2019-02-01 15:23:22] Processed: App\Jobs\NotifyNoteAdded
[2019-02-01 15:24:49] Processed: App\Jobs\NotifyNoteAdded
[2019-02-01 15:24:49] Processed: App\Jobs\NotifyChangeEvent
[2019-02-01 15:25:08] Processed: App\Jobs\NotifyNoteAdded
[2019-02-01 15:25:08] Processed: App\Jobs\NotifyChangeEvent
[2019-02-01 15:25:08] Processed: App\Jobs\NotifyChangeEvent
[2019-02-01 15:25:08] Processed: App\Jobs\NotifyChangeEvent
[2019-02-01 15:25:08] Processed: App\Jobs\NotifyChangeEvent
[2019-02-01 15:25:27] Processed: App\Jobs\NotifyNoteAdded
[2019-02-01 15:25:27] Processed: App\Jobs\NotifyNoteAdded
[2019-02-01 15:25:27] Processed: App\Jobs\NotifyChangeEvent
[2019-02-01 15:25:30] Processed: App\Jobs\NotifyChangeEvent
[2019-02-01 15:25:30] Processed: App\Jobs\NotifyChangeEvent
[2019-02-01 15:25:31] Processed: App\Jobs\NotifyChangeEvent
[2019-02-01 15:25:31] Processed: App\Jobs\NotifyChangeEvent
[2019-02-01 15:25:37] Processed: App\Jobs\NotifyChangeEvent
[2019-02-01 15:25:37] Processed: App\Jobs\NotifyChangeEvent
[2019-02-01 15:31:19] Processed: App\Jobs\NotifyNoteAdded
[2019-02-01 15:31:41] Processed: App\Jobs\NotifyNoteAdded
[2019-02-01 15:31:41] Processed: App\Jobs\NotifyNoteAdded
[2019-02-01 15:31:51] Processed: App\Jobs\NotifyChangeEvent
[2019-02-01 15:32:03] Processed: App\Jobs\NotifyChangeEvent
[2019-02-01 15:32:03] Processed: App\Jobs\NotifyChangeEvent
[2019-02-01 15:32:03] Processed: App\Jobs\NotifyChangeEvent
[2019-02-01 15:32:50] Processed: App\Jobs\NotifyNoteAdded
[2019-02-01 15:32:56] Processed: App\Jobs\NotifyNoteAdded
[2019-02-01 15:32:56] Processed: App\Jobs\NotifyNoteAdded
[2019-02-01 15:32:57] Processed: App\Jobs\NotifyChangeEvent
[2019-02-01 15:32:57] Processed: App\Jobs\NotifyNoteAdded
[2019-02-01 15:33:56] Processed: App\Jobs\NotifyNoteAdded
[2019-02-01 15:34:27] Processed: App\Jobs\NotifyNoteAdded
[2019-02-01 15:35:39] Processed: App\Jobs\NotifyChangeEvent
[2019-02-01 15:35:39] Processed: App\Jobs\NotifyChangeEvent
[2019-02-01 15:36:16] Processed: App\Jobs\NotifyNoteAdded
[2019-02-01 15:36:35] Processed: App\Jobs\NotifyChangeEvent
[2019-02-01 15:37:06] Processed: App\Jobs\NotifyNoteAdded
[2019-02-01 15:37:12] Processed: App\Jobs\NotifyNoteAdded
[2019-02-01 15:37:12] Processed: App\Jobs\NotifyNoteAdded
[2019-02-01 15:39:20] Processed: App\Jobs\NotifyNoteAdded
[2019-02-01 15:39:23] Processed: App\Jobs\NotifyNoteAdded
[2019-02-01 15:39:23] Processed: App\Jobs\NotifyNoteAdded
[2019-02-01 15:39:24] Processed: App\Jobs\NotifyNoteAdded
[2019-02-01 15:39:30] Processed: App\Jobs\NotifyNoteAdded
[2019-02-01 15:40:01] Processed: App\Jobs\NotifyChangeEvent
[2019-02-01 15:40:04] Processed: App\Jobs\NotifyNoteAdded
[2019-02-01 15:40:05] Processed: App\Jobs\NotifyNoteAdded
[2019-02-01 15:41:13] Processed: App\Jobs\NotifyNoteAdded
[2019-02-01 15:41:13] Processed: App\Jobs\NotifyChangeEvent
[2019-02-01 15:41:19] Processed: App\Jobs\NotifyNoteAdded
[2019-02-01 15:41:29] Processed: App\Jobs\NotifyChangeEvent
[2019-02-01 15:41:29] Processed: App\Jobs\NotifyChangeEvent
[2019-02-01 15:41:29] Processed: App\Jobs\NotifyChangeEvent
[2019-02-01 15:41:42] Processed: App\Jobs\NotifyNoteAdded
[2019-02-01 15:41:42] Processed: App\Jobs\NotifyNoteAdded
[2019-02-01 15:41:42] Processed: App\Jobs\NotifyNoteAdded
[2019-02-01 15:41:42] Processed: App\Jobs\NotifyChangeEvent
[2019-02-01 15:41:42] Processed: App\Jobs\NotifyChangeEvent
[2019-02-01 15:41:42] Processed: App\Jobs\NotifyNoteAdded
[2019-02-01 15:41:42] Processed: App\Jobs\NotifyNoteAdded
[2019-02-01 15:43:47] Processed: App\Jobs\NotifyNoteAdded
[2019-02-01 15:43:47] Processed: App\Jobs\NotifyChangeEvent
[2019-02-01 15:43:47] Processed: App\Jobs\NotifyNoteAdded
[2019-02-01 15:43:47] Processed: App\Jobs\NotifyChangeEvent
[2019-02-01 15:44:12] Processed: App\Jobs\NotifyNoteAdded
[2019-02-01 15:44:12] Processed: App\Jobs\NotifyChangeEvent
[2019-02-01 15:44:12] Processed: App\Jobs\NotifyChangeEvent
[2019-02-01 15:44:16] Processed: App\Jobs\NotifyNoteAdded
[2019-02-01 15:44:22] Processed: App\Jobs\NotifyNoteAdded
[2019-02-01 15:44:22] Processed: App\Jobs\NotifyNoteAdded
[2019-02-01 15:44:31] Processed: App\Jobs\NotifyChangeEvent
[2019-02-01 15:44:32] Processed: App\Jobs\NotifyChangeEvent
[2019-02-01 15:44:32] Processed: App\Jobs\NotifyNoteAdded
[2019-02-01 15:44:32] Processed: App\Jobs\NotifyChangeEvent
[2019-02-01 15:45:06] Processed: App\Jobs\NotifyChangeEvent
[2019-02-01 15:45:06] Processed: App\Jobs\NotifyNoteAdded
[2019-02-01 15:45:06] Processed: App\Jobs\NotifyNoteAdded
[2019-02-01 15:45:06] Processed: App\Jobs\NotifyNoteAdded
[2019-02-01 15:45:06] Processed: App\Jobs\NotifyChangeEvent
[2019-02-01 15:45:13] Processed: App\Jobs\NotifyNoteAdded
[2019-02-01 15:45:13] Processed: App\Jobs\NotifyNoteAdded
[2019-02-01 15:45:13] Processed: App\Jobs\NotifyChangeEvent
[2019-02-01 15:45:13] Processed: App\Jobs\NotifyChangeEvent
[2019-02-01 15:45:32] Processed: App\Jobs\NotifyNoteAdded
[2019-02-01 15:45:32] Processed: App\Jobs\NotifyNoteAdded
[2019-02-01 15:45:32] Processed: App\Jobs\NotifyNoteAdded
[2019-02-01 15:45:45] Processed: App\Jobs\NotifyChangeEvent
[2019-02-01 15:45:45] Processed: App\Jobs\NotifyChangeEvent
[2019-02-01 15:45:54] Processed: App\Jobs\NotifyNoteAdded
[2019-02-01 15:45:54] Processed: App\Jobs\NotifyNoteAdded
[2019-02-01 15:46:19] Processed: App\Jobs\NotifyNoteAdded
[2019-02-01 15:48:05] Processed: App\Jobs\NotifyNoteAdded
[2019-02-01 15:48:05] Processed: App\Jobs\NotifyNoteAdded
[2019-02-01 15:48:05] Processed: App\Jobs\NotifyNoteAdded
[2019-02-01 15:48:06] Processed: App\Jobs\NotifyNoteAdded
[2019-02-01 15:48:21] Processed: App\Jobs\NotifyNoteAdded
[2019-02-01 15:48:21] Processed: App\Jobs\NotifyNoteAdded
[2019-02-01 15:48:37] Processed: App\Jobs\NotifyChangeEvent
[2019-02-01 15:48:37] Processed: App\Jobs\NotifyNoteAdded
[2019-02-01 15:48:50] Processed: App\Jobs\NotifyNoteAdded
[2019-02-01 15:48:50] Processed: App\Jobs\NotifyNoteAdded
[2019-02-01 15:48:50] Processed: App\Jobs\NotifyNoteAdded
[2019-02-01 15:48:50] Processed: App\Jobs\NotifyChangeEvent
[2019-02-01 15:48:50] Processed: App\Jobs\NotifyChangeEvent
[2019-02-01 15:49:18] Processed: App\Jobs\NotifyNoteAdded
[2019-02-01 15:49:18] Processed: App\Jobs\NotifyNoteAdded
[2019-02-01 15:49:18] Processed: App\Jobs\NotifyNoteAdded
[2019-02-01 15:49:19] Processed: App\Jobs\NotifyNoteAdded
[2019-02-01 15:49:19] Processed: App\Jobs\NotifyChangeEvent
[2019-02-01 15:49:19] Processed: App\Jobs\NotifyNoteAdded
[2019-02-01 15:49:19] Processed: App\Jobs\NotifyNoteAdded
[2019-02-01 15:51:14] Processed: App\Jobs\NotifyNoteAdded
[2019-02-01 15:51:14] Processed: App\Jobs\NotifyNoteAdded
[2019-02-01 15:51:21] Processed: App\Jobs\NotifyNoteAdded
[2019-02-01 15:51:21] Processed: App\Jobs\NotifyNoteAdded
[2019-02-01 15:52:04] Processed: App\Jobs\NotifyNoteAdded
[2019-02-01 15:52:04] Processed: App\Jobs\NotifyNoteAdded
[2019-02-01 15:52:20] Processed: Illuminate\Queue\CallQueuedHandler@call
[2019-02-01 15:52:20] Processed: Illuminate\Queue\CallQueuedHandler@call
[2019-02-01 15:52:20] Processed: Illuminate\Queue\CallQueuedHandler@call
[2019-02-01 15:52:21] Processed: Illuminate\Queue\CallQueuedHandler@call
[2019-02-01 15:52:36] Processed: Illuminate\Queue\CallQueuedHandler@call
[2019-02-01 15:52:36] Processed: Illuminate\Queue\CallQueuedHandler@call
[2019-02-01 15:52:36] Processed: Illuminate\Queue\CallQueuedHandler@call
[2019-02-01 15:52:37] Processed: Illuminate\Queue\CallQueuedHandler@call
[2019-02-01 15:52:40] Processed: Illuminate\Queue\CallQueuedHandler@call
[2019-02-01 15:52:40] Processed: Illuminate\Queue\CallQueuedHandler@call
[2019-02-01 15:52:40] Processed: Illuminate\Queue\CallQueuedHandler@call
[2019-02-01 15:52:40] Processed: Illuminate\Queue\CallQueuedHandler@call
[2019-02-01 15:52:40] Processed: Illuminate\Queue\CallQueuedHandler@call
[2019-02-01 15:52:40] Processed: Illuminate\Queue\CallQueuedHandler@call
[2019-02-01 15:54:11] Processed: Illuminate\Queue\CallQueuedHandler@call
[2019-02-01 15:54:11] Processed: Illuminate\Queue\CallQueuedHandler@call
[2019-02-01 15:54:14] Processed: Illuminate\Queue\CallQueuedHandler@call
[2019-02-01 15:54:14] Processed: Illuminate\Queue\CallQueuedHandler@call
[2019-02-01 15:54:14] Processed: Illuminate\Queue\CallQueuedHandler@call
[2019-02-01 15:54:14] Processed: Illuminate\Queue\CallQueuedHandler@call
[2019-02-01 15:54:14] Processed: Illuminate\Queue\CallQueuedHandler@call
[2019-02-01 15:55:04] Processed: Illuminate\Queue\CallQueuedHandler@call
[2019-02-01 15:55:04] Processed: Illuminate\Queue\CallQueuedHandler@call
[2019-02-01 15:55:04] Processed: Illuminate\Queue\CallQueuedHandler@call
[2019-02-01 15:56:28] Processed: Illuminate\Queue\CallQueuedHandler@call
[2019-02-01 15:56:29] Processed: Illuminate\Queue\CallQueuedHandler@call
[2019-02-01 15:56:29] Processed: Illuminate\Queue\CallQueuedHandler@call
[2019-02-01 15:56:29] Processed: Illuminate\Queue\CallQueuedHandler@call
[2019-02-01 15:56:29] Processed: Illuminate\Queue\CallQueuedHandler@call
[2019-02-01 15:56:41] Processed: Illuminate\Queue\CallQueuedHandler@call
[2019-02-01 15:56:42] Processed: Illuminate\Queue\CallQueuedHandler@call
[2019-02-01 15:56:42] Processed: Illuminate\Queue\CallQueuedHandler@call
[2019-02-01 15:56:42] Processed: Illuminate\Queue\CallQueuedHandler@call
[2019-02-01 15:56:42] Processed: Illuminate\Queue\CallQueuedHandler@call
[2019-02-01 15:56:42] Processed: Illuminate\Queue\CallQueuedHandler@call
[2019-02-01 15:56:42] Processed: Illuminate\Queue\CallQueuedHandler@call
[2019-02-01 15:56:42] Processed: Illuminate\Queue\CallQueuedHandler@call
[2019-02-01 15:56:42] Processed: Illuminate\Queue\CallQueuedHandler@call
[2019-02-01 15:56:42] Processed: Illuminate\Queue\CallQueuedHandler@call
[2019-02-01 15:56:43] Processed: Illuminate\Queue\CallQueuedHandler@call
[2019-02-01 15:56:43] Processed: Illuminate\Queue\CallQueuedHandler@call
[2019-02-01 15:57:08] Processed: Illuminate\Queue\CallQueuedHandler@call
[2019-02-01 15:57:11] Processed: Illuminate\Queue\CallQueuedHandler@call
[2019-02-01 15:57:11] Processed: Illuminate\Queue\CallQueuedHandler@call
[2019-02-01 15:57:11] Processed: Illuminate\Queue\CallQueuedHandler@call
[2019-02-01 15:57:24] Processed: Illuminate\Queue\CallQueuedHandler@call
[2019-02-01 15:57:24] Processed: Illuminate\Queue\CallQueuedHandler@call
[2019-02-01 15:57:24] Processed: Illuminate\Queue\CallQueuedHandler@call
[2019-02-01 15:57:24] Processed: Illuminate\Queue\CallQueuedHandler@call
[2019-02-01 15:57:24] Processed: Illuminate\Queue\CallQueuedHandler@call
[2019-02-01 15:57:31] Processed: Illuminate\Queue\CallQueuedHandler@call
[2019-02-01 15:57:31] Processed: Illuminate\Queue\CallQueuedHandler@call
[2019-02-01 15:57:40] Processed: Illuminate\Queue\CallQueuedHandler@call
[2019-02-01 15:57:40] Processed: Illuminate\Queue\CallQueuedHandler@call
[2019-02-01 15:57:40] Processed: Illuminate\Queue\CallQueuedHandler@call
[2019-02-01 15:57:40] Processed: Illuminate\Queue\CallQueuedHandler@call
[2019-02-01 15:57:41] Processed: Illuminate\Queue\CallQueuedHandler@call
[2019-02-01 15:57:50] Processed: Illuminate\Queue\CallQueuedHandler@call
[2019-02-01 15:57:50] Processed: Illuminate\Queue\CallQueuedHandler@call
[2019-02-01 15:57:50] Processed: Illuminate\Queue\CallQueuedHandler@call
[2019-02-01 15:57:50] Processed: Illuminate\Queue\CallQueuedHandler@call
[2019-02-01 15:57:54] Processed: Illuminate\Queue\CallQueuedHandler@call
[2019-02-01 15:57:54] Processed: Illuminate\Queue\CallQueuedHandler@call
[2019-02-01 15:57:54] Processed: Illuminate\Queue\CallQueuedHandler@call
[2019-02-01 15:57:54] Processed: Illuminate\Queue\CallQueuedHandler@call
[2019-02-01 15:57:54] Processed: Illuminate\Queue\CallQueuedHandler@call
[2019-02-01 15:58:38] Processed: Illuminate\Queue\CallQueuedHandler@call
[2019-02-01 15:58:38] Processed: Illuminate\Queue\CallQueuedHandler@call
[2019-02-01 15:58:54] Processed: Illuminate\Queue\CallQueuedHandler@call
[2019-02-01 15:58:54] Processed: Illuminate\Queue\CallQueuedHandler@call
[2019-02-01 15:58:54] Processed: Illuminate\Queue\CallQueuedHandler@call
[2019-02-01 15:59:01] Processed: Illuminate\Queue\CallQueuedHandler@call
[2019-02-01 15:59:47] Processed: Illuminate\Queue\CallQueuedHandler@call
[2019-02-01 15:59:51] Processed: Illuminate\Queue\CallQueuedHandler@call
[2019-02-01 15:59:54] Processed: Illuminate\Queue\CallQueuedHandler@call
[2019-02-01 15:59:54] Processed: Illuminate\Queue\CallQueuedHandler@call
[2019-02-01 15:59:54] Processed: Illuminate\Queue\CallQueuedHandler@call
[2019-02-01 15:59:54] Processed: Illuminate\Queue\CallQueuedHandler@call
[2019-02-01 16:01:01] Processed: Illuminate\Queue\CallQueuedHandler@call
[2019-02-01 16:01:13] Processed: Illuminate\Queue\CallQueuedHandler@call
[2019-02-01 16:01:42] Processed: Illuminate\Queue\CallQueuedHandler@call
[2019-02-01 16:01:49] Processed: Illuminate\Queue\CallQueuedHandler@call
[2019-02-01 16:02:05] Processed: Illuminate\Queue\CallQueuedHandler@call
[2019-02-01 16:02:14] Processed: Illuminate\Queue\CallQueuedHandler@call
[2019-02-01 16:02:27] Processed: Illuminate\Queue\CallQueuedHandler@call
[2019-02-01 16:02:27] Processed: Illuminate\Queue\CallQueuedHandler@call
[2019-02-01 16:02:27] Processed: Illuminate\Queue\CallQueuedHandler@call
[2019-02-01 16:02:37] Processed: Illuminate\Queue\CallQueuedHandler@call
[2019-02-01 16:02:37] Processed: Illuminate\Queue\CallQueuedHandler@call
[2019-02-01 16:02:37] Processed: Illuminate\Queue\CallQueuedHandler@call
[2019-02-01 16:02:37] Processed: Illuminate\Queue\CallQueuedHandler@call
[2019-02-01 16:02:37] Processed: Illuminate\Queue\CallQueuedHandler@call
[2019-02-01 16:02:38] Processed: Illuminate\Queue\CallQueuedHandler@call
[2019-02-01 16:02:47] Processed: Illuminate\Queue\CallQueuedHandler@call
[2019-02-01 16:02:47] Processed: Illuminate\Queue\CallQueuedHandler@call
[2019-02-01 16:02:47] Processed: Illuminate\Queue\CallQueuedHandler@call
[2019-02-01 16:02:48] Processed: Illuminate\Queue\CallQueuedHandler@call
[2019-02-01 16:02:48] Processed: Illuminate\Queue\CallQueuedHandler@call
[2019-02-01 16:02:48] Processed: Illuminate\Queue\CallQueuedHandler@call
[2019-02-01 16:02:48] Processed: Illuminate\Queue\CallQueuedHandler@call
[2019-02-01 16:02:48] Processed: Illuminate\Queue\CallQueuedHandler@call
[2019-02-01 16:02:51] Processed: Illuminate\Queue\CallQueuedHandler@call
[2019-02-01 16:02:51] Processed: Illuminate\Queue\CallQueuedHandler@call
[2019-02-01 16:02:52] Processed: Illuminate\Queue\CallQueuedHandler@call
[2019-02-01 16:02:52] Processed: Illuminate\Queue\CallQueuedHandler@call
[2019-02-01 16:02:52] Processed: Illuminate\Queue\CallQueuedHandler@call
[2019-02-01 16:02:52] Processed: Illuminate\Queue\CallQueuedHandler@call
[2019-02-01 16:02:52] Processed: Illuminate\Queue\CallQueuedHandler@call
[2019-02-01 16:02:52] Processed: Illuminate\Queue\CallQueuedHandler@call
[2019-02-01 16:02:52] Processed: Illuminate\Queue\CallQueuedHandler@call
[2019-02-01 16:02:53] Processed: Illuminate\Queue\CallQueuedHandler@call
[2019-02-01 16:02:59] Processed: Illuminate\Queue\CallQueuedHandler@call
[2019-02-01 16:03:08] Processed: Illuminate\Queue\CallQueuedHandler@call
[2019-02-01 16:03:09] Processed: Illuminate\Queue\CallQueuedHandler@call
[2019-02-01 16:03:09] Processed: Illuminate\Queue\CallQueuedHandler@call
[2019-02-01 16:03:09] Processed: Illuminate\Queue\CallQueuedHandler@call
[2019-02-01 16:03:09] Processed: Illuminate\Queue\CallQueuedHandler@call
[2019-02-01 16:03:09] Processed: Illuminate\Queue\CallQueuedHandler@call
[2019-02-01 16:03:12] Processed: Illuminate\Queue\CallQueuedHandler@call
[2019-02-01 16:03:12] Processed: Illuminate\Queue\CallQueuedHandler@call
[2019-02-01 16:03:13] Processed: Illuminate\Queue\CallQueuedHandler@call
[2019-02-01 16:03:13] Processed: Illuminate\Queue\CallQueuedHandler@call
[2019-02-01 16:03:13] Processed: Illuminate\Queue\CallQueuedHandler@call
[2019-02-01 16:03:13] Processed: Illuminate\Queue\CallQueuedHandler@call
[2019-02-01 16:03:13] Processed: Illuminate\Queue\CallQueuedHandler@call
[2019-02-01 16:03:23] Processed: Illuminate\Queue\CallQueuedHandler@call
[2019-02-01 16:03:23] Processed: Illuminate\Queue\CallQueuedHandler@call
[2019-02-01 16:03:23] Processed: Illuminate\Queue\CallQueuedHandler@call
[2019-02-01 16:03:23] Processed: Illuminate\Queue\CallQueuedHandler@call
[2019-02-01 16:03:23] Processed: Illuminate\Queue\CallQueuedHandler@call
[2019-02-01 16:03:23] Processed: Illuminate\Queue\CallQueuedHandler@call
[2019-02-01 16:03:23] Processed: Illuminate\Queue\CallQueuedHandler@call
[2019-02-01 16:03:24] Processed: Illuminate\Queue\CallQueuedHandler@call
[2019-02-01 16:03:24] Processed: Illuminate\Queue\CallQueuedHandler@call
[2019-02-01 16:03:24] Processed: Illuminate\Queue\CallQueuedHandler@call
[2019-02-01 16:03:36] Processed: Illuminate\Queue\CallQueuedHandler@call
[2019-02-01 16:03:40] Processed: Illuminate\Queue\CallQueuedHandler@call
[2019-02-01 16:03:40] Processed: Illuminate\Queue\CallQueuedHandler@call
[2019-02-01 16:03:40] Processed: Illuminate\Queue\CallQueuedHandler@call
[2019-02-01 16:03:43] Processed: Illuminate\Queue\CallQueuedHandler@call
[2019-02-01 16:04:05] Processed: Illuminate\Queue\CallQueuedHandler@call
[2019-02-01 16:04:05] Processed: Illuminate\Queue\CallQueuedHandler@call
[2019-02-01 16:04:27] Processed: Illuminate\Queue\CallQueuedHandler@call
[2019-02-01 16:04:27] Processed: Illuminate\Queue\CallQueuedHandler@call
[2019-02-01 16:04:27] Processed: Illuminate\Queue\CallQueuedHandler@call
[2019-02-01 16:04:27] Processed: Illuminate\Queue\CallQueuedHandler@call
[2019-02-01 16:04:27] Processed: Illuminate\Queue\CallQueuedHandler@call
[2019-02-01 16:04:37] Processed: Illuminate\Queue\CallQueuedHandler@call
[2019-02-01 16:04:37] Processed: Illuminate\Queue\CallQueuedHandler@call
[2019-02-01 16:04:37] Processed: Illuminate\Queue\CallQueuedHandler@call
[2019-02-01 16:04:37] Processed: Illuminate\Queue\CallQueuedHandler@call
[2019-02-01 16:04:37] Processed: Illuminate\Queue\CallQueuedHandler@call
[2019-02-01 16:04:37] Processed: Illuminate\Queue\CallQueuedHandler@call
[2019-02-01 16:04:37] Processed: Illuminate\Queue\CallQueuedHandler@call
[2019-02-01 16:04:37] Processed: Illuminate\Queue\CallQueuedHandler@call
[2019-02-01 16:04:37] Processed: Illuminate\Queue\CallQueuedHandler@call
[2019-02-01 16:04:37] Processed: Illuminate\Queue\CallQueuedHandler@call
[2019-02-01 16:04:59] Processed: Illuminate\Queue\CallQueuedHandler@call
[2019-02-01 16:05:40] Processed: Illuminate\Queue\CallQueuedHandler@call
[2019-02-01 16:05:40] Processed: Illuminate\Queue\CallQueuedHandler@call
[2019-02-01 16:05:40] Processed: Illuminate\Queue\CallQueuedHandler@call
[2019-02-01 16:05:40] Processed: Illuminate\Queue\CallQueuedHandler@call
[2019-02-01 16:05:40] Processed: Illuminate\Queue\CallQueuedHandler@call
[2019-02-01 16:05:40] Processed: Illuminate\Queue\CallQueuedHandler@call
[2019-02-01 16:05:40] Processed: Illuminate\Queue\CallQueuedHandler@call
[2019-02-01 16:05:40] Processed: Illuminate\Queue\CallQueuedHandler@call
[2019-02-01 16:05:40] Processed: Illuminate\Queue\CallQueuedHandler@call
[2019-02-01 16:06:05] Processed: Illuminate\Queue\CallQueuedHandler@call
[2019-02-01 16:06:06] Processed: Illuminate\Queue\CallQueuedHandler@call
[2019-02-01 16:06:06] Processed: Illuminate\Queue\CallQueuedHandler@call
[2019-02-01 16:06:12] Processed: Illuminate\Queue\CallQueuedHandler@call
[2019-02-01 16:06:12] Processed: Illuminate\Queue\CallQueuedHandler@call
[2019-02-01 16:06:12] Processed: Illuminate\Queue\CallQueuedHandler@call
[2019-02-01 16:06:12] Processed: Illuminate\Queue\CallQueuedHandler@call
[2019-02-01 16:06:12] Processed: Illuminate\Queue\CallQueuedHandler@call
[2019-02-01 16:06:34] Processed: Illuminate\Queue\CallQueuedHandler@call
[2019-02-01 16:06:34] Processed: Illuminate\Queue\CallQueuedHandler@call
[2019-02-01 16:06:34] Processed: Illuminate\Queue\CallQueuedHandler@call
[2019-02-01 16:06:35] Processed: Illuminate\Queue\CallQueuedHandler@call
[2019-02-01 16:06:35] Processed: Illuminate\Queue\CallQueuedHandler@call
[2019-02-01 16:06:53] Processed: Illuminate\Queue\CallQueuedHandler@call
[2019-02-01 16:07:06] Processed: Illuminate\Queue\CallQueuedHandler@call
[2019-02-01 16:07:06] Processed: Illuminate\Queue\CallQueuedHandler@call
[2019-02-01 16:07:06] Processed: Illuminate\Queue\CallQueuedHandler@call
[2019-02-01 16:07:06] Processed: Illuminate\Queue\CallQueuedHandler@call
[2019-02-01 16:07:06] Processed: Illuminate\Queue\CallQueuedHandler@call
[2019-02-01 16:07:16] Processed: Illuminate\Queue\CallQueuedHandler@call
[2019-02-01 16:07:16] Processed: Illuminate\Queue\CallQueuedHandler@call
[2019-02-01 16:07:16] Processed: Illuminate\Queue\CallQueuedHandler@call
[2019-02-01 16:07:16] Processed: Illuminate\Queue\CallQueuedHandler@call
[2019-02-01 16:07:16] Processed: Illuminate\Queue\CallQueuedHandler@call
[2019-02-01 16:07:16] Processed: Illuminate\Queue\CallQueuedHandler@call
[2019-02-01 16:07:16] Processed: Illuminate\Queue\CallQueuedHandler@call
[2019-02-01 16:07:16] Processed: Illuminate\Queue\CallQueuedHandler@call
[2019-02-01 16:07:17] Processed: Illuminate\Queue\CallQueuedHandler@call
[2019-02-01 16:07:17] Processed: Illuminate\Queue\CallQueuedHandler@call
[2019-02-01 16:07:17] Processed: Illuminate\Queue\CallQueuedHandler@call
[2019-02-01 16:07:51] Processed: Illuminate\Queue\CallQueuedHandler@call
[2019-02-01 16:07:54] Processed: Illuminate\Queue\CallQueuedHandler@call
[2019-02-01 16:07:54] Processed: Illuminate\Queue\CallQueuedHandler@call
[2019-02-01 16:07:54] Processed: Illuminate\Queue\CallQueuedHandler@call
[2019-02-01 16:08:07] Processed: Illuminate\Queue\CallQueuedHandler@call
[2019-02-01 16:08:07] Processed: Illuminate\Queue\CallQueuedHandler@call
[2019-02-01 16:08:20] Processed: Illuminate\Queue\CallQueuedHandler@call
[2019-02-01 16:08:23] Processed: Illuminate\Queue\CallQueuedHandler@call
[2019-02-01 16:08:23] Processed: Illuminate\Queue\CallQueuedHandler@call
[2019-02-01 16:08:54] Processed: Illuminate\Queue\CallQueuedHandler@call
[2019-02-01 16:08:54] Processed: Illuminate\Queue\CallQueuedHandler@call
[2019-02-01 16:09:10] Processed: Illuminate\Queue\CallQueuedHandler@call
[2019-02-01 16:09:10] Processed: Illuminate\Queue\CallQueuedHandler@call
[2019-02-01 16:09:10] Processed: Illuminate\Queue\CallQueuedHandler@call
[2019-02-01 16:09:11] Processed: Illuminate\Queue\CallQueuedHandler@call
[2019-02-01 16:09:11] Processed: Illuminate\Queue\CallQueuedHandler@call
[2019-02-01 16:09:11] Processed: Illuminate\Queue\CallQueuedHandler@call
[2019-02-01 16:09:11] Processed: Illuminate\Queue\CallQueuedHandler@call
[2019-02-01 16:09:11] Processed: Illuminate\Queue\CallQueuedHandler@call
[2019-02-01 16:09:11] Processed: Illuminate\Queue\CallQueuedHandler@call
[2019-02-01 16:09:11] Processed: Illuminate\Queue\CallQueuedHandler@call
[2019-02-01 16:09:11] Processed: Illuminate\Queue\CallQueuedHandler@call
[2019-02-01 16:09:12] Processed: Illuminate\Queue\CallQueuedHandler@call
[2019-02-01 16:09:12] Processed: Illuminate\Queue\CallQueuedHandler@call
[2019-02-01 16:09:12] Processed: Illuminate\Queue\CallQueuedHandler@call
[2019-02-01 16:09:12] Processed: Illuminate\Queue\CallQueuedHandler@call
[2019-02-01 16:11:35] Processed: Illuminate\Queue\CallQueuedHandler@call
[2019-02-01 16:11:42] Processed: Illuminate\Queue\CallQueuedHandler@call
[2019-02-01 16:11:42] Processed: Illuminate\Queue\CallQueuedHandler@call
[2019-02-01 16:12:01] Processed: Illuminate\Queue\CallQueuedHandler@call
[2019-02-01 16:12:50] Processed: Illuminate\Queue\CallQueuedHandler@call
[2019-02-01 16:12:59] Processed: Illuminate\Queue\CallQueuedHandler@call
[2019-02-01 16:13:59] Processed: Illuminate\Queue\CallQueuedHandler@call
[2019-02-01 16:14:02] Processed: Illuminate\Queue\CallQueuedHandler@call
[2019-02-01 16:14:05] Processed: Illuminate\Queue\CallQueuedHandler@call
[2019-02-01 16:14:05] Processed: Illuminate\Queue\CallQueuedHandler@call
[2019-02-01 16:14:30] Processed: Illuminate\Queue\CallQueuedHandler@call
[2019-02-01 16:14:33] Processed: Illuminate\Queue\CallQueuedHandler@call
[2019-02-01 16:14:33] Processed: Illuminate\Queue\CallQueuedHandler@call
[2019-02-01 16:14:36] Processed: Illuminate\Queue\CallQueuedHandler@call
[2019-02-01 16:14:36] Processed: Illuminate\Queue\CallQueuedHandler@call
[2019-02-01 16:15:23] Processed: Illuminate\Queue\CallQueuedHandler@call
[2019-02-01 16:15:23] Processed: Illuminate\Queue\CallQueuedHandler@call
[2019-02-01 16:15:39] Processed: Illuminate\Queue\CallQueuedHandler@call
[2019-02-01 16:15:39] Processed: Illuminate\Queue\CallQueuedHandler@call
[2019-02-01 16:15:39] Processed: Illuminate\Queue\CallQueuedHandler@call
[2019-02-01 16:15:39] Processed: Illuminate\Queue\CallQueuedHandler@call
[2019-02-01 16:15:39] Processed: Illuminate\Queue\CallQueuedHandler@call
[2019-02-01 16:15:39] Processed: Illuminate\Queue\CallQueuedHandler@call
[2019-02-01 16:15:39] Processed: Illuminate\Queue\CallQueuedHandler@call
[2019-02-01 16:15:52] Processed: Illuminate\Queue\CallQueuedHandler@call
[2019-02-01 16:15:55] Processed: Illuminate\Queue\CallQueuedHandler@call
[2019-02-01 16:15:55] Processed: Illuminate\Queue\CallQueuedHandler@call
[2019-02-01 16:15:55] Processed: Illuminate\Queue\CallQueuedHandler@call
[2019-02-01 16:15:55] Processed: Illuminate\Queue\CallQueuedHandler@call
[2019-02-01 16:15:55] Processed: Illuminate\Queue\CallQueuedHandler@call
[2019-02-01 16:16:36] Processed: Illuminate\Queue\CallQueuedHandler@call
[2019-02-01 16:16:36] Processed: Illuminate\Queue\CallQueuedHandler@call
[2019-02-01 16:16:36] Processed: Illuminate\Queue\CallQueuedHandler@call
[2019-02-01 16:17:01] Processed: Illuminate\Queue\CallQueuedHandler@call
[2019-02-01 16:17:01] Processed: Illuminate\Queue\CallQueuedHandler@call
[2019-02-01 16:17:35] Processed: Illuminate\Queue\CallQueuedHandler@call
[2019-02-01 16:17:35] Processed: Illuminate\Queue\CallQueuedHandler@call
[2019-02-01 16:17:35] Processed: Illuminate\Queue\CallQueuedHandler@call
[2019-02-01 16:17:41] Processed: Illuminate\Queue\CallQueuedHandler@call
[2019-02-01 16:17:41] Processed: Illuminate\Queue\CallQueuedHandler@call
[2019-02-01 16:17:41] Processed: Illuminate\Queue\CallQueuedHandler@call
[2019-02-01 16:17:42] Processed: Illuminate\Queue\CallQueuedHandler@call
[2019-02-01 16:17:42] Processed: Illuminate\Queue\CallQueuedHandler@call
[2019-02-01 16:17:42] Processed: Illuminate\Queue\CallQueuedHandler@call
[2019-02-01 16:17:42] Processed: Illuminate\Queue\CallQueuedHandler@call
[2019-02-01 16:17:42] Processed: Illuminate\Queue\CallQueuedHandler@call
[2019-02-01 16:17:42] Processed: Illuminate\Queue\CallQueuedHandler@call
[2019-02-01 16:19:12] Processed: Illuminate\Queue\CallQueuedHandler@call
[2019-02-01 16:19:13] Processed: Illuminate\Queue\CallQueuedHandler@call
[2019-02-01 16:19:13] Processed: Illuminate\Queue\CallQueuedHandler@call
[2019-02-01 16:19:53] Processed: Illuminate\Queue\CallQueuedHandler@call
[2019-02-01 16:19:53] Processed: Illuminate\Queue\CallQueuedHandler@call
[2019-02-01 16:20:03] Processed: Illuminate\Queue\CallQueuedHandler@call
[2019-02-01 16:20:03] Processed: Illuminate\Queue\CallQueuedHandler@call
[2019-02-01 16:20:50] Processed: Illuminate\Queue\CallQueuedHandler@call
[2019-02-01 16:20:50] Processed: Illuminate\Queue\CallQueuedHandler@call
[2019-02-01 16:20:50] Processed: Illuminate\Queue\CallQueuedHandler@call
[2019-02-01 16:20:53] Processed: Illuminate\Queue\CallQueuedHandler@call
[2019-02-01 16:20:53] Processed: Illuminate\Queue\CallQueuedHandler@call
[2019-02-01 16:20:53] Processed: Illuminate\Queue\CallQueuedHandler@call
[2019-02-01 16:20:53] Processed: Illuminate\Queue\CallQueuedHandler@call
[2019-02-01 16:20:54] Processed: Illuminate\Queue\CallQueuedHandler@call
[2019-02-01 16:20:54] Processed: Illuminate\Queue\CallQueuedHandler@call
[2019-02-01 16:20:54] Processed: Illuminate\Queue\CallQueuedHandler@call
[2019-02-01 16:20:54] Processed: Illuminate\Queue\CallQueuedHandler@call
[2019-02-01 16:20:54] Processed: Illuminate\Queue\CallQueuedHandler@call
[2019-02-01 16:20:54] Processed: Illuminate\Queue\CallQueuedHandler@call
[2019-02-01 16:20:54] Processed: Illuminate\Queue\CallQueuedHandler@call
[2019-02-01 16:20:54] Processed: Illuminate\Queue\CallQueuedHandler@call
[2019-02-01 16:20:55] Processed: Illuminate\Queue\CallQueuedHandler@call
[2019-02-01 16:20:55] Processed: Illuminate\Queue\CallQueuedHandler@call
[2019-02-01 16:20:58] Processed: Illuminate\Queue\CallQueuedHandler@call
[2019-02-01 16:21:32] Processed: Illuminate\Queue\CallQueuedHandler@call
[2019-02-01 16:21:32] Processed: Illuminate\Queue\CallQueuedHandler@call
[2019-02-01 16:21:33] Processed: Illuminate\Queue\CallQueuedHandler@call
[2019-02-01 16:21:33] Processed: Illuminate\Queue\CallQueuedHandler@call
[2019-02-01 16:21:33] Processed: Illuminate\Queue\CallQueuedHandler@call
[2019-02-01 16:21:33] Processed: Illuminate\Queue\CallQueuedHandler@call
[2019-02-01 16:21:33] Processed: Illuminate\Queue\CallQueuedHandler@call
[2019-02-01 16:21:58] Processed: Illuminate\Queue\CallQueuedHandler@call
[2019-02-01 16:21:58] Processed: Illuminate\Queue\CallQueuedHandler@call
[2019-02-01 16:22:01] Processed: Illuminate\Queue\CallQueuedHandler@call
[2019-02-01 16:22:01] Processed: Illuminate\Queue\CallQueuedHandler@call
[2019-02-01 16:22:02] Processed: Illuminate\Queue\CallQueuedHandler@call
[2019-02-01 16:22:02] Processed: Illuminate\Queue\CallQueuedHandler@call
[2019-02-01 16:22:02] Processed: Illuminate\Queue\CallQueuedHandler@call
[2019-02-01 16:22:02] Processed: Illuminate\Queue\CallQueuedHandler@call
[2019-02-01 16:22:02] Processed: Illuminate\Queue\CallQueuedHandler@call
[2019-02-01 16:22:02] Processed: Illuminate\Queue\CallQueuedHandler@call
[2019-02-01 16:22:46] Processed: Illuminate\Queue\CallQueuedHandler@call
[2019-02-01 16:22:46] Processed: Illuminate\Queue\CallQueuedHandler@call
[2019-02-01 16:22:46] Processed: Illuminate\Queue\CallQueuedHandler@call
[2019-02-01 16:22:59] Processed: Illuminate\Queue\CallQueuedHandler@call
[2019-02-01 16:23:08] Processed: Illuminate\Queue\CallQueuedHandler@call
[2019-02-01 16:23:08] Processed: Illuminate\Queue\CallQueuedHandler@call
[2019-02-01 16:23:08] Processed: Illuminate\Queue\CallQueuedHandler@call
[2019-02-01 16:23:33] Processed: Illuminate\Queue\CallQueuedHandler@call
[2019-02-01 16:23:33] Processed: Illuminate\Queue\CallQueuedHandler@call
[2019-02-01 16:23:43] Processed: Illuminate\Queue\CallQueuedHandler@call
[2019-02-01 16:23:43] Processed: Illuminate\Queue\CallQueuedHandler@call
[2019-02-01 16:23:49] Processed: Illuminate\Queue\CallQueuedHandler@call
[2019-02-01 16:23:49] Processed: Illuminate\Queue\CallQueuedHandler@call
[2019-02-01 16:23:49] Processed: Illuminate\Queue\CallQueuedHandler@call
[2019-02-01 16:23:50] Processed: Illuminate\Queue\CallQueuedHandler@call
[2019-02-01 16:23:50] Processed: Illuminate\Queue\CallQueuedHandler@call
[2019-02-01 16:23:50] Processed: Illuminate\Queue\CallQueuedHandler@call
[2019-02-01 16:23:50] Processed: Illuminate\Queue\CallQueuedHandler@call
[2019-02-01 16:23:50] Processed: Illuminate\Queue\CallQueuedHandler@call
[2019-02-01 16:23:50] Processed: Illuminate\Queue\CallQueuedHandler@call
[2019-02-01 16:23:50] Processed: Illuminate\Queue\CallQueuedHandler@call
[2019-02-01 16:24:00] Processed: Illuminate\Queue\CallQueuedHandler@call
[2019-02-01 16:24:00] Processed: Illuminate\Queue\CallQueuedHandler@call
[2019-02-01 16:24:00] Processed: Illuminate\Queue\CallQueuedHandler@call
[2019-02-01 16:24:19] Processed: Illuminate\Queue\CallQueuedHandler@call
[2019-02-01 16:24:19] Processed: Illuminate\Queue\CallQueuedHandler@call
[2019-02-01 16:24:41] Processed: Illuminate\Queue\CallQueuedHandler@call
[2019-02-01 16:24:50] Processed: Illuminate\Queue\CallQueuedHandler@call
[2019-02-01 16:25:46] Processed: Illuminate\Queue\CallQueuedHandler@call
[2019-02-01 16:25:47] Processed: Illuminate\Queue\CallQueuedHandler@call
[2019-02-01 16:25:56] Processed: Illuminate\Queue\CallQueuedHandler@call
[2019-02-01 16:26:34] Processed: Illuminate\Queue\CallQueuedHandler@call
[2019-02-01 16:26:34] Processed: Illuminate\Queue\CallQueuedHandler@call
[2019-02-01 16:26:34] Processed: Illuminate\Queue\CallQueuedHandler@call
[2019-02-01 16:26:34] Processed: Illuminate\Queue\CallQueuedHandler@call
[2019-02-01 16:27:30] Processed: Illuminate\Queue\CallQueuedHandler@call
[2019-02-01 16:27:39] Processed: Illuminate\Queue\CallQueuedHandler@call
[2019-02-01 16:27:39] Processed: Illuminate\Queue\CallQueuedHandler@call
[2019-02-01 16:27:52] Processed: Illuminate\Queue\CallQueuedHandler@call
[2019-02-01 16:28:10] Processed: Illuminate\Queue\CallQueuedHandler@call
[2019-02-01 16:28:10] Processed: Illuminate\Queue\CallQueuedHandler@call
[2019-02-01 16:28:11] Processed: Illuminate\Queue\CallQueuedHandler@call
[2019-02-01 16:28:11] Processed: Illuminate\Queue\CallQueuedHandler@call
[2019-02-01 16:28:11] Processed: Illuminate\Queue\CallQueuedHandler@call
[2019-02-01 16:28:17] Processed: Illuminate\Queue\CallQueuedHandler@call
[2019-02-01 16:28:39] Processed: Illuminate\Queue\CallQueuedHandler@call
[2019-02-01 16:28:39] Processed: Illuminate\Queue\CallQueuedHandler@call
[2019-02-01 16:28:58] Processed: Illuminate\Queue\CallQueuedHandler@call
[2019-02-01 16:28:58] Processed: Illuminate\Queue\CallQueuedHandler@call
[2019-02-01 16:29:01] Processed: Illuminate\Queue\CallQueuedHandler@call
[2019-02-01 16:29:01] Processed: Illuminate\Queue\CallQueuedHandler@call
[2019-02-01 16:29:14] Processed: Illuminate\Queue\CallQueuedHandler@call
[2019-02-01 16:29:14] Processed: Illuminate\Queue\CallQueuedHandler@call
[2019-02-01 16:29:14] Processed: Illuminate\Queue\CallQueuedHandler@call
[2019-02-01 16:29:24] Processed: Illuminate\Queue\CallQueuedHandler@call
[2019-02-01 16:29:24] Processed: Illuminate\Queue\CallQueuedHandler@call
[2019-02-01 16:29:24] Processed: Illuminate\Queue\CallQueuedHandler@call
[2019-02-01 16:29:24] Processed: Illuminate\Queue\CallQueuedHandler@call
[2019-02-01 16:29:24] Processed: Illuminate\Queue\CallQueuedHandler@call
[2019-02-01 16:29:24] Processed: Illuminate\Queue\CallQueuedHandler@call
[2019-02-01 16:30:54] Processed: App\Jobs\NotifyNoteAdded
[2019-02-01 16:30:54] Processed: App\Jobs\NotifyNoteAdded
[2019-02-01 16:40:36] Processed: App\Jobs\NotifyNoteAdded
[2019-02-01 17:06:12] Processed: App\Jobs\NotifyNoteAdded
[2019-02-04 09:50:00] Processed: App\Jobs\NotifyNoteAdded
[2019-02-04 09:50:13] Processed: App\Jobs\NotifyNoteAdded
[2019-02-04 10:58:17] Processed: App\Jobs\NotifyNoteAdded
[2019-02-04 11:00:03] Processed: App\Jobs\NotifyNoteAdded
[2019-02-04 11:07:15] Processed: App\Jobs\NotifyChangeEvent
[2019-02-04 11:07:31] Processed: App\Jobs\NotifyNoteAdded
[2019-02-04 13:37:24] Processed: App\Jobs\NotifyAssigneeAdded
[2019-02-04 15:18:29] Processed: App\Jobs\NotifyNoteAdded
[2019-02-04 15:18:38] Processed: App\Jobs\NotifyNoteAdded
[2019-02-04 15:18:45] Processed: App\Jobs\NotifyNoteAdded
[2019-02-04 15:18:51] Processed: App\Jobs\NotifyNoteAdded
[2019-02-04 15:18:57] Processed: App\Jobs\NotifyNoteAdded
[2019-02-04 15:19:16] Processed: App\Jobs\NotifyNoteAdded
[2019-02-04 15:22:26] Processed: App\Jobs\NotifyAssigneeAdded
[2019-02-04 15:22:32] Processed: App\Jobs\NotifyAssigneeAdded
[2019-02-04 15:22:33] Processed: App\Jobs\NotifyNoteAdded
[2019-02-04 15:22:39] Processed: App\Jobs\NotifyChangeEvent
[2019-02-04 15:32:02] Processed: App\Jobs\NotifyNoteAdded
[2019-02-05 10:36:37] Processed: App\Jobs\NotifyChangeEvent
[2019-02-05 12:06:05] Processed: App\Jobs\NotifyNoteAdded
[2019-02-05 16:23:33] Processed: App\Jobs\NotifyNoteAdded
[2019-02-06 15:15:07] Processed: App\Jobs\NotifyNoteAdded
[2019-02-06 15:15:10] Processed: App\Jobs\NotifyChangeEvent
[2019-02-06 15:27:32] Processed: App\Jobs\NotifyNoteAdded
[2019-02-06 17:31:24] Processed: App\Jobs\NotifyNoteAdded
[2019-02-07 12:40:56] Processed: Illuminate\Queue\CallQueuedHandler@call
[2019-02-07 12:40:59] Processed: Illuminate\Queue\CallQueuedHandler@call
[2019-02-07 12:43:38] Processed: Illuminate\Queue\CallQueuedHandler@call
[2019-02-07 12:44:03] Processed: Illuminate\Queue\CallQueuedHandler@call
[2019-02-07 12:44:03] Processed: Illuminate\Queue\CallQueuedHandler@call
[2019-02-07 12:44:10] Processed: Illuminate\Queue\CallQueuedHandler@call
[2019-02-07 12:52:17] Processed: App\Jobs\NotifyNoteAdded
[2019-02-07 13:02:11] Processed: Illuminate\Queue\CallQueuedHandler@call
[2019-02-07 13:10:41] Processed: App\Jobs\NotifyNoteAdded
[2019-02-07 13:11:59] Processed: App\Jobs\NotifyNoteAdded
[2019-02-07 13:11:59] Processed: App\Jobs\NotifyNoteAdded
[2019-02-07 13:12:02] Processed: App\Jobs\NotifyNoteAdded
[2019-02-07 13:12:02] Processed: App\Jobs\NotifyNoteAdded
[2019-02-07 13:12:02] Processed: App\Jobs\NotifyNoteAdded
[2019-02-07 13:12:52] Processed: App\Jobs\NotifyNoteAdded
[2019-02-07 13:12:52] Processed: App\Jobs\NotifyNoteAdded
[2019-02-07 13:13:02] Processed: App\Jobs\NotifyNoteAdded
[2019-02-07 13:13:52] Processed: App\Jobs\NotifyNoteAdded
[2019-02-07 13:15:22] Processed: App\Jobs\NotifyNoteAdded
[2019-02-07 13:15:22] Processed: App\Jobs\NotifyNoteAdded
[2019-02-07 13:15:35] Processed: App\Jobs\NotifyNoteAdded
[2019-02-07 13:15:35] Processed: App\Jobs\NotifyNoteAdded
[2019-02-07 13:16:46] Processed: App\Jobs\NotifyNoteAdded
[2019-02-07 13:17:58] Processed: App\Jobs\NotifyNoteAdded
[2019-02-07 13:18:36] Processed: App\Jobs\NotifyNoteAdded
[2019-02-07 13:18:51] Processed: App\Jobs\NotifyNoteAdded
[2019-02-07 13:19:16] Processed: App\Jobs\NotifyNoteAdded
[2019-02-07 13:20:00] Processed: App\Jobs\NotifyNoteAdded
[2019-02-07 13:20:03] Processed: App\Jobs\NotifyNoteAdded
[2019-02-07 13:20:06] Processed: App\Jobs\NotifyNoteAdded
[2019-02-07 13:20:22] Processed: App\Jobs\NotifyNoteAdded
[2019-02-07 13:20:28] Processed: App\Jobs\NotifyNoteAdded
[2019-02-07 13:20:28] Processed: App\Jobs\NotifyNoteAdded
[2019-02-07 13:21:02] Processed: App\Jobs\NotifyNoteAdded
[2019-02-07 13:21:03] Processed: App\Jobs\NotifyNoteAdded
[2019-02-07 13:21:03] Processed: App\Jobs\NotifyNoteAdded
[2019-02-07 13:21:03] Processed: App\Jobs\NotifyNoteAdded
[2019-02-07 13:21:03] Processed: App\Jobs\NotifyNoteAdded
[2019-02-07 13:21:06] Processed: App\Jobs\NotifyNoteAdded
[2019-02-07 13:21:06] Processed: App\Jobs\NotifyNoteAdded
[2019-02-07 13:21:06] Processed: App\Jobs\NotifyNoteAdded
[2019-02-07 13:23:05] Processed: App\Jobs\NotifyNoteAdded
[2019-02-07 13:23:42] Processed: App\Jobs\NotifyNoteAdded
[2019-02-07 13:23:45] Processed: App\Jobs\NotifyNoteAdded
[2019-02-07 13:25:25] Processed: App\Jobs\NotifyNoteAdded
[2019-02-07 13:26:15] Processed: App\Jobs\NotifyNoteAdded
[2019-02-07 13:27:42] Processed: App\Jobs\NotifyNoteAdded
[2019-02-07 13:27:48] Processed: App\Jobs\NotifyNoteAdded
[2019-02-07 13:27:52] Processed: App\Jobs\NotifyNoteAdded
[2019-02-07 13:27:55] Processed: App\Jobs\NotifyNoteAdded
[2019-02-07 13:27:55] Processed: App\Jobs\NotifyNoteAdded
[2019-02-07 13:27:55] Processed: App\Jobs\NotifyNoteAdded
[2019-02-07 13:28:26] Processed: App\Jobs\NotifyNoteAdded
[2019-02-07 13:28:26] Processed: App\Jobs\NotifyNoteAdded
[2019-02-07 13:28:26] Processed: App\Jobs\NotifyNoteAdded
[2019-02-07 13:28:27] Processed: App\Jobs\NotifyNoteAdded
[2019-02-07 13:28:27] Processed: App\Jobs\NotifyNoteAdded
[2019-02-07 13:28:27] Processed: App\Jobs\NotifyNoteAdded
[2019-02-07 13:28:27] Processed: App\Jobs\NotifyNoteAdded
[2019-02-07 13:28:27] Processed: App\Jobs\NotifyNoteAdded
[2019-02-07 13:28:30] Processed: App\Jobs\NotifyNoteAdded
[2019-02-07 13:28:40] Processed: App\Jobs\NotifyNoteAdded
[2019-02-07 13:28:43] Processed: App\Jobs\NotifyNoteAdded
[2019-02-07 13:28:43] Processed: App\Jobs\NotifyNoteAdded
[2019-02-07 13:28:46] Processed: App\Jobs\NotifyNoteAdded
[2019-02-07 13:28:46] Processed: App\Jobs\NotifyNoteAdded
[2019-02-07 13:28:46] Processed: App\Jobs\NotifyNoteAdded
[2019-02-07 13:28:46] Processed: App\Jobs\NotifyNoteAdded
[2019-02-07 13:28:47] Processed: App\Jobs\NotifyNoteAdded
[2019-02-07 13:28:56] Processed: App\Jobs\NotifyNoteAdded
[2019-02-07 13:29:24] Processed: App\Jobs\NotifyNoteAdded
[2019-02-07 13:29:34] Processed: App\Jobs\NotifyNoteAdded
[2019-02-07 13:30:26] Processed: App\Jobs\NotifyNoteAdded
[2019-02-07 13:30:55] Processed: App\Jobs\NotifyNoteAdded
[2019-02-07 13:30:55] Processed: App\Jobs\NotifyNoteAdded
[2019-02-07 13:30:55] Processed: App\Jobs\NotifyNoteAdded
[2019-02-07 13:30:55] Processed: App\Jobs\NotifyNoteAdded
[2019-02-07 13:32:59] Processed: App\Jobs\NotifyNoteAdded
[2019-02-07 13:34:17] Processed: App\Jobs\NotifyNoteAdded
[2019-02-07 13:34:17] Processed: App\Jobs\NotifyNoteAdded
[2019-02-07 13:34:27] Processed: App\Jobs\NotifyNoteAdded
[2019-02-07 13:34:27] Processed: App\Jobs\NotifyNoteAdded
[2019-02-07 13:34:30] Processed: App\Jobs\NotifyNoteAdded
[2019-02-07 13:34:49] Processed: App\Jobs\NotifyNoteAdded
[2019-02-07 13:34:49] Processed: App\Jobs\NotifyNoteAdded
[2019-02-07 13:35:36] Processed: App\Jobs\NotifyNoteAdded
[2019-02-07 13:35:42] Processed: App\Jobs\NotifyNoteAdded
[2019-02-07 13:36:57] Processed: App\Jobs\NotifyNoteAdded
[2019-02-07 13:37:34] Processed: App\Jobs\NotifyNoteAdded
[2019-02-07 13:37:34] Processed: App\Jobs\NotifyChangeEvent
[2019-02-07 13:37:35] Processed: App\Jobs\NotifyChangeEvent
[2019-02-07 13:37:35] Processed: App\Jobs\NotifyNoteAdded
[2019-02-07 13:37:35] Processed: App\Jobs\NotifyNoteAdded
[2019-02-07 13:37:35] Processed: App\Jobs\NotifyNoteAdded
[2019-02-07 13:39:11] Processed: App\Jobs\NotifyNoteAdded
[2019-02-07 13:39:49] Processed: App\Jobs\NotifyNoteAdded
[2019-02-07 13:39:55] Processed: App\Jobs\NotifyNoteAdded
[2019-02-07 13:39:58] Processed: App\Jobs\NotifyNoteAdded
[2019-02-07 13:39:58] Processed: App\Jobs\NotifyNoteAdded
[2019-02-07 13:40:02] Processed: App\Jobs\NotifyNoteAdded
[2019-02-07 13:40:02] Processed: App\Jobs\NotifyNoteAdded
[2019-02-07 13:40:14] Processed: App\Jobs\NotifyNoteAdded
[2019-02-07 13:40:14] Processed: App\Jobs\NotifyNoteAdded
[2019-02-07 13:40:52] Processed: App\Jobs\NotifyNoteAdded
[2019-02-07 13:49:37] Processed: App\Jobs\NotifyNoteAdded
[2019-02-07 13:50:40] Processed: App\Jobs\NotifyAssigneeAdded
[2019-02-07 13:51:17] Processed: App\Jobs\NotifyAssigneeAdded
[2019-02-07 13:51:33] Processed: App\Jobs\NotifyAssigneeAdded
[2019-02-07 13:52:20] Processed: App\Jobs\NotifyAssigneeAdded

                                                          
  [Symfony\Component\Console\Exception\RuntimeException]  
  The "--daemon" option does not exist.                   
                                                          

[2019-03-07 15:52:35] Processed: App\Jobs\NotifyChangeEvent
[2019-03-07 15:52:39] Processed: App\Jobs\NotifyChangeEvent
[2019-03-07 15:52:54] Processed: App\Jobs\NotifyNoteAdded
[2019-03-07 15:53:07] Processed: App\Jobs\NotifyNoteAdded
[2019-03-07 16:10:23] Processed: App\Jobs\NotifyChangeEvent
[2019-03-07 16:10:31] Processed: App\Jobs\NotifyChangeEvent
[2019-03-07 16:10:35] Processed: App\Jobs\NotifyChangeEvent
[2019-03-07 16:11:15] Processed: App\Jobs\NotifyChangeEvent
[2019-03-07 16:13:50] Processed: App\Jobs\NotifyNoteAdded
[2019-03-07 16:16:23] Processed: App\Jobs\NotifyChangeEvent
[2019-03-07 17:12:05] Processed: App\Jobs\NotifyNoteAdded
[2019-03-07 17:12:37] Processed: App\Jobs\NotifyChangeEvent
[2019-03-07 17:36:58] Processed: App\Jobs\NotifyNoteAdded
[2019-03-07 18:03:43] Processed: App\Jobs\NotifyNoteAdded
[2019-03-07 18:03:44] Processed: App\Jobs\NotifyNoteAdded
[2019-03-07 18:03:45] Processed: App\Jobs\NotifyChangeEvent
[2019-03-07 18:03:46] Processed: App\Jobs\NotifyAssigneeAdded
[2019-03-07 18:03:47] Processed: App\Jobs\NotifyNoteAdded
[2019-03-07 18:03:48] Processed: App\Jobs\NotifyChangeEvent
[2019-03-07 18:03:48] Processed: App\Jobs\NotifyChangeEvent
[2019-03-07 18:03:49] Processed: App\Jobs\NotifyAssigneeAdded
[2019-03-07 18:03:50] Processed: App\Jobs\NotifyNoteAdded
[2019-03-07 18:03:50] Processed: App\Jobs\NotifyNoteAdded
[2019-03-07 18:03:51] Processed: App\Jobs\NotifyNoteAdded
[2019-03-07 18:03:52] Processed: App\Jobs\NotifyNoteAdded
[2019-03-07 18:03:53] Processed: App\Jobs\NotifyNoteAdded
[2019-03-07 18:03:54] Processed: App\Jobs\NotifyNoteAdded
[2019-03-07 18:03:55] Processed: App\Jobs\NotifyNoteAdded
[2019-03-07 18:04:00] Processed: App\Jobs\NotifyChangeEvent
[2019-03-07 18:04:01] Processed: App\Jobs\NotifyNoteAdded
[2019-03-07 18:04:02] Processed: App\Jobs\NotifyNoteAdded
[2019-03-07 18:04:03] Processed: App\Jobs\NotifyNoteAdded
[2019-03-07 18:04:11] Processed: App\Jobs\NotifyChangeEvent
[2019-03-07 18:04:16] Processed: App\Jobs\NotifyChangeEvent
[2019-03-07 18:04:17] Processed: App\Jobs\NotifyNoteAdded
[2019-03-07 18:04:18] Processed: App\Jobs\NotifyChangeEvent
[2019-03-07 18:04:19] Processed: App\Jobs\NotifyAssigneeAdded
[2019-03-07 18:04:20] Processed: App\Jobs\NotifyAssigneeAdded
[2019-03-07 18:04:21] Processed: App\Jobs\NotifyNoteAdded
[2019-03-07 18:04:22] Processed: App\Jobs\NotifyNoteAdded
[2019-03-07 18:04:23] Processed: App\Jobs\NotifyNoteAdded
[2019-03-07 18:04:24] Processed: App\Jobs\NotifyChangeEvent
[2019-03-07 18:04:25] Processed: App\Jobs\NotifyChangeEvent
[2019-03-07 18:04:25] Processed: App\Jobs\NotifyAssigneeAdded
[2019-03-07 18:04:29] Processed: App\Jobs\NotifyNoteAdded
[2019-03-07 18:04:30] Processed: App\Jobs\NotifyNoteAdded
[2019-03-07 18:04:31] Processed: App\Jobs\NotifyChangeEvent
[2019-03-07 18:04:32] Processed: App\Jobs\NotifyAssigneeAdded
[2019-03-07 18:04:33] Processed: App\Jobs\NotifyAssigneeAdded
[2019-03-07 18:04:34] Processed: App\Jobs\NotifyNoteAdded
[2019-03-07 18:04:35] Processed: App\Jobs\NotifyNoteAdded
[2019-03-07 18:04:36] Processed: App\Jobs\NotifyChangeEvent
[2019-03-07 18:04:37] Processed: App\Jobs\NotifyNoteAdded
[2019-03-07 18:04:37] Processed: App\Jobs\NotifyNoteAdded
[2019-03-07 18:04:38] Processed: App\Jobs\NotifyNoteAdded
[2019-03-07 18:04:39] Processed: App\Jobs\NotifyChangeEvent
[2019-03-07 18:04:40] Processed: App\Jobs\NotifyNoteAdded
[2019-03-07 18:04:41] Processed: App\Jobs\NotifyNoteAdded
[2019-03-07 18:04:42] Processed: App\Jobs\NotifyChangeEvent
[2019-03-07 18:04:43] Processed: App\Jobs\NotifyNoteAdded
[2019-03-07 18:04:44] Processed: App\Jobs\NotifyNoteAdded
[2019-03-07 18:04:45] Processed: App\Jobs\NotifyNoteAdded
[2019-03-07 18:04:46] Processed: App\Jobs\NotifyNoteAdded
[2019-03-07 18:04:47] Processed: App\Jobs\NotifyNoteAdded
[2019-03-07 18:04:48] Processed: App\Jobs\NotifyNoteAdded
[2019-03-07 18:04:49] Processed: App\Jobs\NotifyNoteAdded
[2019-03-07 18:04:49] Processed: App\Jobs\NotifyNoteAdded
[2019-03-07 18:04:50] Processed: App\Jobs\NotifyNoteAdded
[2019-03-07 18:04:51] Processed: App\Jobs\NotifyNoteAdded
[2019-03-07 18:04:52] Processed: App\Jobs\NotifyNoteAdded
[2019-03-07 18:04:57] Processed: App\Jobs\NotifyNoteAdded
[2019-03-07 18:04:58] Processed: App\Jobs\NotifyChangeEvent
[2019-03-07 18:05:03] Processed: App\Jobs\NotifyNoteAdded
[2019-03-07 18:05:04] Processed: App\Jobs\NotifyNoteAdded
[2019-03-07 18:05:05] Processed: App\Jobs\NotifyNoteAdded
[2019-03-07 18:05:13] Processed: App\Jobs\NotifyAssigneeAdded
[2019-03-07 18:05:14] Processed: App\Jobs\NotifyNoteAdded
[2019-03-07 18:05:19] Processed: App\Jobs\NotifyNoteAdded
[2019-03-07 18:05:28] Processed: App\Jobs\NotifyNoteAdded
[2019-03-07 18:05:29] Processed: App\Jobs\NotifyNoteAdded
[2019-03-07 18:05:30] Processed: App\Jobs\NotifyChangeEvent
[2019-03-07 18:05:34] Processed: App\Jobs\NotifyNoteAdded
[2019-03-07 18:05:35] Processed: App\Jobs\NotifyNoteAdded
[2019-03-07 18:05:36] Processed: App\Jobs\NotifyChangeEvent
[2019-03-07 18:05:37] Processed: App\Jobs\NotifyNoteAdded
[2019-03-07 18:05:38] Processed: App\Jobs\NotifyNoteAdded
[2019-03-07 18:05:39] Processed: App\Jobs\NotifyNoteAdded
[2019-03-07 18:05:40] Processed: App\Jobs\NotifyNoteAdded
[2019-03-07 18:05:41] Processed: App\Jobs\NotifyNoteAdded
[2019-03-07 18:05:42] Processed: App\Jobs\NotifyNoteAdded
[2019-03-07 18:05:43] Processed: App\Jobs\NotifyChangeEvent
[2019-03-07 18:05:44] Processed: App\Jobs\NotifyAssigneeAdded
[2019-03-07 18:05:45] Processed: App\Jobs\NotifyNoteAdded
[2019-03-07 18:05:45] Processed: App\Jobs\NotifyChangeEvent
[2019-03-07 18:05:46] Processed: App\Jobs\NotifyNoteAdded
[2019-03-07 18:05:47] Processed: App\Jobs\NotifyNoteAdded
[2019-03-07 18:05:48] Processed: App\Jobs\NotifyNoteAdded
[2019-03-07 18:05:49] Processed: App\Jobs\NotifyNoteAdded
[2019-03-07 18:05:50] Processed: App\Jobs\NotifyNoteAdded
[2019-03-07 18:05:58] Processed: App\Jobs\NotifyAssigneeAdded
[2019-03-07 18:06:07] Processed: App\Jobs\NotifyNoteAdded
[2019-03-07 18:06:08] Processed: App\Jobs\NotifyNoteAdded
[2019-03-07 18:06:09] Processed: App\Jobs\NotifyNoteAdded
[2019-03-07 18:06:10] Processed: App\Jobs\NotifyNoteAdded
[2019-03-07 18:06:11] Processed: App\Jobs\NotifyNoteAdded
[2019-03-07 18:06:12] Processed: App\Jobs\NotifyNoteAdded
[2019-03-07 18:06:12] Processed: App\Jobs\NotifyChangeEvent
[2019-03-07 18:06:17] Processed: App\Jobs\NotifyNoteAdded
[2019-03-07 18:06:18] Processed: App\Jobs\NotifyChangeEvent
[2019-03-07 18:06:19] Processed: App\Jobs\NotifyNoteAdded
[2019-03-07 18:06:20] Processed: App\Jobs\NotifyChangeEvent
[2019-03-07 18:06:21] Processed: App\Jobs\NotifyChangeEvent
[2019-03-07 18:06:22] Processed: App\Jobs\NotifyNoteAdded
[2019-03-07 18:06:23] Processed: App\Jobs\NotifyNoteAdded
[2019-03-07 18:06:24] Processed: App\Jobs\NotifyNoteAdded
[2019-03-07 18:06:32] Processed: App\Jobs\NotifyAssigneeAdded
[2019-03-07 18:06:41] Processed: App\Jobs\NotifyNoteAdded
[2019-03-07 18:06:41] Processed: App\Jobs\NotifyChangeEvent
[2019-03-07 18:06:42] Processed: App\Jobs\NotifyNoteAdded
[2019-03-07 18:06:47] Processed: App\Jobs\NotifyNoteAdded
[2019-03-07 18:06:48] Processed: App\Jobs\NotifyNoteAdded
[2019-03-07 18:07:01] Processed: App\Jobs\NotifyNoteAdded
[2019-03-07 18:07:02] Processed: App\Jobs\NotifyChangeEvent
[2019-03-07 18:07:03] Processed: App\Jobs\NotifyNoteAdded
[2019-03-07 18:07:04] Processed: App\Jobs\NotifyNoteAdded
[2019-03-07 18:07:08] Processed: App\Jobs\NotifyNoteAdded
[2019-03-07 18:07:09] Processed: App\Jobs\NotifyNoteAdded
[2019-03-07 18:07:10] Processed: App\Jobs\NotifyNoteAdded
[2019-03-07 18:07:11] Processed: App\Jobs\NotifyNoteAdded
[2019-03-07 18:07:54] Processed: App\Jobs\NotifyNoteAdded
[2019-03-07 18:07:55] Processed: App\Jobs\NotifyNoteAdded
[2019-03-07 18:08:10] Processed: App\Jobs\NotifyNoteAdded
[2019-03-07 18:08:28] Processed: App\Jobs\NotifyNoteAdded
[2019-03-07 18:08:39] Processed: App\Jobs\NotifyNoteAdded
[2019-03-07 18:09:15] Processed: App\Jobs\NotifyAssigneeAdded
[2019-03-07 18:09:20] Processed: App\Jobs\NotifyNoteAdded
[2019-03-07 18:09:20] Processed: App\Jobs\NotifyNoteAdded
[2019-03-07 18:09:21] Processed: App\Jobs\NotifyNoteAdded
[2019-03-07 18:09:22] Processed: App\Jobs\NotifyNoteAdded
[2019-03-07 18:09:22] Processed: App\Jobs\NotifyNoteAdded
[2019-03-07 18:09:23] Processed: App\Jobs\NotifyChangeEvent
[2019-03-07 18:09:23] Processed: App\Jobs\NotifyNoteAdded
[2019-03-07 18:09:24] Processed: App\Jobs\NotifyChangeEvent
[2019-03-07 18:09:24] Processed: App\Jobs\NotifyNoteAdded
[2019-03-07 18:09:25] Processed: App\Jobs\NotifyNoteAdded
[2019-03-07 18:09:26] Processed: App\Jobs\NotifyNoteAdded
[2019-03-07 18:09:26] Processed: App\Jobs\NotifyChangeEvent
[2019-03-07 18:09:27] Processed: App\Jobs\NotifyNoteAdded
[2019-03-07 18:09:31] Processed: App\Jobs\NotifyNoteAdded
[2019-03-07 18:09:32] Processed: App\Jobs\NotifyNoteAdded
[2019-03-07 18:09:32] Processed: App\Jobs\NotifyNoteAdded
[2019-03-07 18:09:33] Processed: App\Jobs\NotifyNoteAdded
[2019-03-07 18:09:33] Processed: App\Jobs\NotifyNoteAdded
[2019-03-07 18:09:34] Processed: App\Jobs\NotifyNoteAdded
[2019-03-07 18:09:34] Processed: App\Jobs\NotifyNoteAdded
[2019-03-07 18:09:35] Processed: App\Jobs\NotifyNoteAdded
[2019-03-07 18:09:36] Processed: App\Jobs\NotifyNoteAdded
[2019-03-07 18:09:36] Processed: App\Jobs\NotifyNoteAdded
[2019-03-07 18:09:37] Processed: App\Jobs\NotifyNoteAdded
[2019-03-07 18:09:37] Processed: App\Jobs\NotifyNoteAdded
[2019-03-07 18:09:38] Processed: App\Jobs\NotifyChangeEvent
[2019-03-07 18:09:39] Processed: App\Jobs\NotifyNoteAdded
[2019-03-07 18:09:46] Processed: App\Jobs\NotifyNoteAdded
[2019-03-07 18:09:47] Processed: App\Jobs\NotifyChangeEvent
[2019-03-07 18:09:48] Processed: App\Jobs\NotifyNoteAdded
[2019-03-07 18:09:49] Processed: App\Jobs\NotifyNoteAdded
[2019-03-07 18:09:50] Processed: App\Jobs\NotifyChangeEvent
[2019-03-07 18:09:51] Processed: App\Jobs\NotifyNoteAdded
[2019-03-07 18:09:51] Processed: App\Jobs\NotifyNoteAdded
[2019-03-07 18:09:52] Processed: App\Jobs\NotifyNoteAdded
[2019-03-07 18:09:53] Processed: App\Jobs\NotifyNoteAdded
[2019-03-07 18:09:54] Processed: App\Jobs\NotifyChangeEvent
[2019-03-07 18:09:55] Processed: App\Jobs\NotifyNoteAdded
[2019-03-07 18:10:00] Processed: App\Jobs\NotifyNoteAdded
[2019-03-07 18:10:01] Processed: App\Jobs\NotifyNoteAdded
[2019-03-07 18:10:02] Processed: App\Jobs\NotifyChangeEvent
[2019-03-07 18:10:03] Processed: App\Jobs\NotifyNoteAdded
[2019-03-07 18:10:04] Processed: App\Jobs\NotifyNoteAdded
[2019-03-07 18:10:05] Processed: App\Jobs\NotifyNoteAdded
[2019-03-07 18:10:13] Processed: App\Jobs\NotifyNoteAdded
[2019-03-07 18:10:14] Processed: App\Jobs\NotifyNoteAdded
[2019-03-07 18:10:15] Processed: App\Jobs\NotifyNoteAdded
[2019-03-07 18:10:16] Processed: App\Jobs\NotifyNoteAdded
[2019-03-07 18:10:21] Processed: App\Jobs\NotifyNoteAdded
[2019-03-07 18:10:22] Processed: App\Jobs\NotifyNoteAdded
[2019-03-07 18:10:23] Processed: App\Jobs\NotifyChangeEvent
[2019-03-07 18:10:24] Processed: App\Jobs\NotifyChangeEvent
[2019-03-07 18:10:25] Processed: App\Jobs\NotifyNoteAdded
[2019-03-07 18:53:55] Processed: App\Jobs\NotifyNoteAdded
[2019-03-07 18:58:48] Processed: App\Jobs\NotifyNoteAdded
[2019-03-07 19:27:47] Processed: App\Jobs\NotifyAssigneeAdded
[2019-03-08 13:25:21] Processed: App\Jobs\NotifyChangeEvent
[2019-03-08 13:27:12] Processed: App\Jobs\NotifyNoteAdded
[2019-03-08 13:29:15] Processed: App\Jobs\NotifyNoteAdded
[2019-03-08 13:29:55] Processed: App\Jobs\NotifyNoteAdded
[2019-03-08 13:32:01] Processed: App\Jobs\NotifyNoteAdded
[2019-03-08 13:32:16] Processed: App\Jobs\NotifyNoteAdded
[2019-03-08 13:42:13] Processed: App\Jobs\NotifyNoteAdded
[2019-03-08 14:30:28] Processed: App\Jobs\NotifyNoteAdded
[2019-03-08 14:30:39] Processed: App\Jobs\NotifyNoteAdded
[2019-03-08 14:30:54] Processed: App\Jobs\NotifyNoteAdded
[2019-03-08 14:32:07] Processed: App\Jobs\NotifyNoteAdded
[2019-03-08 17:33:59] Processed: App\Jobs\NotifyNoteAdded
[2019-03-11 11:58:49] Processed: App\Jobs\NotifyNoteAdded
[2019-03-11 12:08:39] Processed: App\Jobs\NotifyNoteAdded
[2019-03-11 12:08:44] Processed: App\Jobs\NotifyChangeEvent
[2019-03-11 12:16:56] Processed: App\Jobs\NotifyChangeEvent
[2019-03-11 12:57:31] Processed: App\Jobs\NotifyNoteAdded
[2019-03-11 14:05:53] Processed: App\Jobs\NotifyNoteAdded
[2019-03-11 14:50:05] Processed: App\Jobs\NotifyNoteAdded
[2019-03-11 14:53:03] Processed: App\Jobs\NotifyAssigneeAdded
[2019-03-11 17:04:35] Processed: App\Jobs\NotifyNoteAdded
[2019-03-12 12:28:37] Processed: App\Jobs\NotifyNoteAdded
[2019-03-12 13:36:13] Processed: App\Jobs\NotifyNoteAdded
[2019-03-12 13:41:37] Processed: App\Jobs\NotifyNoteAdded
[2019-03-12 14:50:49] Processed: App\Jobs\NotifyChangeEvent
[2019-03-12 14:51:07] Processed: App\Jobs\NotifyNoteAdded
[2019-03-12 14:51:11] Processed: App\Jobs\NotifyChangeEvent
[2019-03-12 16:32:36] Processed: App\Jobs\NotifyNoteAdded
[2019-03-12 16:33:53] Processed: App\Jobs\NotifyChangeEvent
[2019-03-12 18:09:18] Processed: App\Jobs\NotifyNoteAdded
[2019-03-12 18:09:23] Processed: App\Jobs\NotifyNoteAdded
[2019-03-13 13:47:03] Processed: App\Jobs\NotifyChangeEvent
[2019-03-13 19:08:35] Processed: App\Jobs\NotifyNoteAdded
[2019-03-13 19:08:58] Processed: App\Jobs\NotifyNoteAdded
[2019-03-14 11:55:29] Processed: App\Jobs\NotifyAssigneeAdded
[2019-03-14 13:17:16] Processed: App\Jobs\NotifyNoteAdded
[2019-03-14 19:04:36] Processed: App\Jobs\NotifyNoteAdded
[2019-03-14 19:04:40] Processed: App\Jobs\NotifyChangeEvent
[2019-03-14 19:25:41] Processed: App\Jobs\NotifyAssigneeAdded

                                                                                                                                                                        
  [Symfony\Component\Process\Exception\ProcessTimedOutException]                                                                                                        
  The process "'/usr/bin/php5' 'artisan' queue:work '' --queue='default' --delay=0 --memory=128 --sleep=3 --tries=0 --env='local'" exceeded the timeout of 60 seconds.  
                                                                                                                                                                        

